 
 This GEMPACK log file was created at 13:45:52 on 23-APR-2018 by the program
  <aggcheck.for 10-FEB-2016 (a TABLO-generated program)>
 which accesses some of the routines in the GEMPACK software release
  <GEMPACK Release 11.3.001   May 2014>
 
 
 <aggcheck.for 10-FEB-2016 (a TABLO-generated program)>
   This program accesses some of the routines in the GEMPACK software release
 <GEMPACK Release 11.3.001   May 2014>
 
 
  %%WARNING. Your GEMPACK licence expires on 30-APR-2018.
  You will not be able to run GEMPACK programs
    after that date unless you renew the licence.
 
     -------------------------------------------------------
    !            GEMPACK Software System Licence            !
    !  Source Code Licence for the GEMPACK Software System  !
    !                 Licence No.  GFM-0137                 !
    !          Licence for Release 11.4 of GEMPACK          !
    !          U.S. International Trade Commission          !
    !                     Washington DC                     !
    !                          USA                          !
    !    (Your GEMPACK licence expires on 30-APR-2018.)     !
     -------------------------------------------------------
 
 
     << COPYRIGHT 1987-2010: CoPS/Impact and KPSOFT >>
 
  Current directory is: C:\GTPAg2\GTAP10P2\GTAP
 
 
  Full path name of running EXE is: C:\GTPAg2\GTAP10P2\GTAP\aggcheck.exe
  Fortran compiler = GF32  4.8.1 (rev3, built by mingw-builds project):
  Operating system is Windows 8
 
 
  ++++++++++++++++++++++++++++++++++++++++++++++++++++++++++++
 
 
                    TABLO-GENERATED PROGRAM OPTIONS
               ( --> indicates those in effect )
 
       BAT Run in batch              STI Take inputs from a Stored-input file
       BPR Brief prompts             SIF Store inputs on a file
       LOG Output to log file        ASI Add to incomplete Stored-input file
                                     CMF Take inputs from a Command file
       EAA Echo all activity           SVX Select variables on XAC file (later)
       CPU Report CPU times            RQF Required figures agreement (extrap)
       NRP Don't reuse pivots        NIR Don't do solution iterative refinement
                                 --> IZ1 Ignore zero coefficients in step 1
                                     KZ2 Keep zero coefficients in steps 2,3 etc
       NEQ Do no equations           NWE Don't warn how well equations solved
       NDS Do no displays            SSI Several subintervals; extrap after each
       NWR Do no writes              M28 Use MA28 routines (rather than MA48)
       NAS Do no assertions          SUI Save updated formula(initial) data
       NUD Do no final updates              Extra Options Screen
       NSM Don't do simulation              --------------------
       NWT Use Newton's method      DTO Display, Terminal/Text write Options
       CR  Check-on-read options
 
  Select an option   :  <opt>      Deselect an option      : -<opt>
  Help for an option : ?<opt>      Help on all options     : ??
  Redisplay options  : /           Finish option selection : Carriage return
 
 (Opened, as text, existing file 'aggcheck.cmf'.)
  (Taking inputs from a command file.)
 (Opened, as text, existing file 'aggcheck.cmf'.)
 
  !  (There is no CREATION information on this file.)
 
 
  --> Reading the Command file.
 
 auxiliary files = aggcheck;
 check-on-read elements = warn; ! Optional: very often needed
 WHS = no ;   ! Do not use sparse format
 cpu=yes ; ! Optional: Reports CPU times for various stages
 log file = yes;  ! Optional
 ! Input files:
 File DSETS = input\SETS.har; ! Set specification for disaggregate data
 File ASETS = maphar.dat; ! Set specification for aggregate data
 ! Output files:
 File checkmap = checkmap.har; ! Diagnostic file
 File SUPP = aggsupp.har; ! Instructions for AggHAR
 
 
  (Finished reading the command file.)
 
  Auxiliary Statement File
  ------------------------
 (Opened, as binary, existing file 'C:\GTPAg2\GTAP10P2\GTAP\aggcheck.axs'.)
 
  Auxiliary Table File
  --------------------
 (Opened, as binary, existing file 'C:\GTPAg2\GTAP10P2\GTAP\aggcheck.axt'.)
 
  !  This file was created at 16:55:32 on 10-FEB-2016 by the program
  !    <TABLO  Version 6.4   April 2012>
  !  which accesses some of the routines in the GEMPACK software release
  !    <GEMPACK Release 11.3.001   May 2014>
  !  [The program which created this file was compiled with GF32.]
 
 [Auxiliary Table File was created by TABLO at 16:55:32 on 10-FEB-2016.]
 [TABLO file used here is "aggcheck.tab".]
 [No TABLO STI file used when TABLO was run.]
 
  (Writing output to log file, and also to the terminal.)
 (Opened new text file 'aggcheck.log'.)
  
  (Reporting CPU times.)
  
  (Not Writing Header arrays Sparsely.)
 [This TG-program was created by TABLO at 16:55:32 on 10-FEB-2016.]
  
  [Starting to check "extra" statements on the Command file.]
  
  
  [Finished checking "extra" statements on the Command file.]
  
  
 ++++++++++++++++++++++++++++++++++++++++++++++++++
  This program was written by the GEMPACK program TABLO
  as described in the Information file
  'aggcheck.inf'
  
  This run of the TABLO-generated program
      o can carry out 15 WRITEs
  
 ++++++++++++++++++++++++++++++++++++++++++++++++++
 (Range test of initial values will produce warnings.)
  
  (Data file with logical name 'DSETS')
 (Opened, as header, existing file 'input\SETS.har'.)
  
  !  This file was created at 10:47:38 on 28-SEP-2017 by the program
  !    <pretty.for 28-SEP-2017> [pretty.tab,pretty.sti]
  !  which accesses some of the routines in the GEMPACK software release
  !    <GEMPACK Release 11.3.001   May 2014>
  !  [The program which created this file was compiled with GF32.]
  
  
  (Data file with logical name 'ASETS')
 (Opened, as header, existing file 'maphar.dat'.)
  
  !  This file was created at 4/23/2018 1:45:51 PM by the program
  !    GtapAgg2
  !  which accesses some of the routines in the GEMPACK software release
  !    HARFILE.PAS 4/Mar/2016
  !  [The program which created this file was compiled with DELPHI.]
  
  
  (Data file with logical name 'CHECKMAP')
 (Opened new header file 'checkmap.har'.)
  
  (Data file with logical name 'SUPP')
 (Opened new header file 'aggsupp.har'.)
  
  --->  Beginning the preliminary pass (aimed at sets and subsets).
 Set 'REG'
 (Opened, as header, existing file 'input\SETS.har'.)
   (141 character strings, each of length 12 read. Header 'H1  ')
   [Set has size 141.]
 Set 'TRAD_COMM'
   (57 character strings, each of length 12 read. Header 'H2  ')
   [Set has size 57.]
 Set 'ENDW_COMM'
   (8 character strings, each of length 12 read. Header 'H6  ')
   [Set has size 8.]
 Set 'AREG'
 (Opened, as header, existing file 'maphar.dat'.)
   (3 character strings, each of length 12 read. Header 'H1  ')
   [Set has size 3.]
 Set 'ATRAD_COMM'
   (10 character strings, each of length 12 read. Header 'H2  ')
   [Set has size 10.]
 Set 'AENDW_COMM'
   (5 character strings, each of length 12 read. Header 'H6  ')
   [Set has size 5.]
  
  Reading the values of set mapping 'MCOM'
   (57 character strings, each of length 12 read. Header 'DCOM')
  
  Reading the values of set mapping 'MREG'
   (141 character strings, each of length 12 read. Header 'DREG')
  
  Reading the values of set mapping 'MEND'
   (8 character strings, each of length 12 read. Header 'DEND')
 Set 'PROD_COMM'
   [Set has size 58.]
 'TRAD_COMM' as a subset of 'PROD_COMM'
 Set 'APROD_COMM'
   [Set has size 11.]
 'ATRAD_COMM' as a subset of 'APROD_COMM'
  Formula for 'MPRD'
 Set 'S@CGDS'
   [Set has size 1.]
 'S@CGDS' as a subset of 'PROD_COMM'
 'S@CGDS' as a subset of 'APROD_COMM'
  Formula for 'MPRD'
 [CPU for reads, formulas etc is 0.0000000 seconds.]
 Elapsed time for reads, formulas etc is: less than one second.
  
  Total memory currently used for all arrays is approximately 0.01 megabytes.
  [Add about 5-10 megabytes for the memory used by the code.]
  
  --->  Beginning the reads, formulas (etc).
 (Opened, for writing, header file 'checkmap.har'.)
 Writing elements of set 'REG'
   (141 character strings, each of length 12 written. Header 'REG ')
 Writing elements of set 'TRAD_COMM'
   (57 character strings, each of length 12 written. Header 'TRAD')
 Writing elements of set 'ENDW_COMM'
   (8 character strings, each of length 12 written. Header 'ENDW')
  
  Reading the values of set mapping 'MCOM'
 (Opened, as header, existing file 'maphar.dat'.)
   (57 character strings, each of length 12 read. Header 'DCOM')
  
  Reading the values of set mapping 'MREG'
   (141 character strings, each of length 12 read. Header 'DREG')
  
  Reading the values of set mapping 'MEND'
   (8 character strings, each of length 12 read. Header 'DEND')
  Formula for 'MPRD'
  Formula for 'MPRD'
 (Opened, for writing, header file 'aggsupp.har'.)
 Writing elements of set 'AREG'
   (3 character strings, each of length 12 written. Header 'H1  ')
 Writing elements of set 'ATRAD_COMM'
   (10 character strings, each of length 12 written. Header 'H2  ')
 Writing elements of set 'AENDW_COMM'
   (5 character strings, each of length 12 written. Header 'H6  ')
 Writing elements of set 'APROD_COMM'
   (11 character strings, each of length 12 written. Header 'HX  ')
 Writing elements of set 'REG'
   (141 character strings, each of length 12 written. Header 'DH1 ')
 Writing elements of set 'TRAD_COMM'
   (57 character strings, each of length 12 written. Header 'DH2 ')
 Writing elements of set 'ENDW_COMM'
   (8 character strings, each of length 12 written. Header 'DH6 ')
 Writing elements of set 'PROD_COMM'
   (58 character strings, each of length 12 written. Header 'DHX ')
 Writing 'MREG'
   (141 character strings, each of length 12 written. Header 'MREG')
 Writing 'MCOM'
   (57 character strings, each of length 12 written. Header 'MCOM')
 Writing 'MPRD'
   (58 character strings, each of length 12 written. Header 'MPRD')
 Writing 'MEND'
   (8 character strings, each of length 12 written. Header 'MEND')
 [CPU for reads, formulas etc is 3.12500000E-02 seconds.]
 Elapsed time for reads, formulas etc is: less than one second.
 [CPU for all of this 0-step calculation is 3.12500000E-02 seconds.]
 Elapsed time for all this 0-step calculation is: less than one second.
  [Total CPU is 0.15625000 seconds.]
  
  (Inputs have been taken from the Command file
  'C:\GTPAg2\GTAP10P2\GTAP\aggcheck.cmf')
  
  (The program has completed without error.)
  (There were         1 warnings.)
  (If you have a LOG file, search for '%%W' to see them.)
  (The last was:
   'Your GEMPACK licence will expire on 30-APR-2018')
  Total elapsed time is: less than one second.
  
  
  This run ended at 13:45:52 on 23-APR-2018
