 
 This GEMPACK log file was created at 13:45:57 on 23-APR-2018 by the program
  <samview.for 10-FEB-2016 (a TABLO-generated program)>
 which accesses some of the routines in the GEMPACK software release
  <GEMPACK Release 11.3.001   May 2014>
 
 
 <samview.for 10-FEB-2016 (a TABLO-generated program)>
   This program accesses some of the routines in the GEMPACK software release
 <GEMPACK Release 11.3.001   May 2014>
 
 
  %%WARNING. Your GEMPACK licence expires on 30-APR-2018.
  You will not be able to run GEMPACK programs
    after that date unless you renew the licence.
 
     -------------------------------------------------------
    !            GEMPACK Software System Licence            !
    !  Source Code Licence for the GEMPACK Software System  !
    !                 Licence No.  GFM-0137                 !
    !          Licence for Release 11.4 of GEMPACK          !
    !          U.S. International Trade Commission          !
    !                     Washington DC                     !
    !                          USA                          !
    !    (Your GEMPACK licence expires on 30-APR-2018.)     !
     -------------------------------------------------------
 
 
     << COPYRIGHT 1987-2010: CoPS/Impact and KPSOFT >>
 
  Current directory is: C:\GTPAg2\GTAP10P2\GTAP
 
 
  Full path name of running EXE is: C:\GTPAg2\GTAP10P2\GTAP\samview.exe
  Fortran compiler = GF32  4.8.1 (rev3, built by mingw-builds project):
  Operating system is Windows 8
 
 
  ++++++++++++++++++++++++++++++++++++++++++++++++++++++++++++
 
 
                    TABLO-GENERATED PROGRAM OPTIONS
               ( --> indicates those in effect )
 
       BAT Run in batch              STI Take inputs from a Stored-input file
       BPR Brief prompts             SIF Store inputs on a file
       LOG Output to log file        ASI Add to incomplete Stored-input file
                                     CMF Take inputs from a Command file
       EAA Echo all activity           SVX Select variables on XAC file (later)
       CPU Report CPU times            RQF Required figures agreement (extrap)
       NRP Don't reuse pivots        NIR Don't do solution iterative refinement
                                 --> IZ1 Ignore zero coefficients in step 1
                                     KZ2 Keep zero coefficients in steps 2,3 etc
       NEQ Do no equations           NWE Don't warn how well equations solved
       NDS Do no displays            SSI Several subintervals; extrap after each
       NWR Do no writes              M28 Use MA28 routines (rather than MA48)
       NAS Do no assertions          SUI Save updated formula(initial) data
       NUD Do no final updates              Extra Options Screen
       NSM Don't do simulation              --------------------
       NWT Use Newton's method      DTO Display, Terminal/Text write Options
       CR  Check-on-read options
 
  Select an option   :  <opt>      Deselect an option      : -<opt>
  Help for an option : ?<opt>      Help on all options     : ??
  Redisplay options  : /           Finish option selection : Carriage return
 
 (Opened, as text, existing file 'samview.cmf'.)
  (Taking inputs from a command file.)
 (Opened, as text, existing file 'samview.cmf'.)
 
  !  (There is no CREATION information on this file.)
 
 
  --> Reading the Command file.
 
 auxiliary files = samview;
 check-on-read elements = warn; ! Optional: very often needed
 cpu=yes ; ! Optional: Reports CPU times for various stages
 
 log file = yes;  ! Optional
 ! Input files:
 File GTAPDATA = output\basedata.har; ! File containing all base data
 File GTAPSETS = output\sets.har;     ! File with set specification
 File GTAPPARM = output\default.prm;  ! File containing behavioral prameters
 ! Output files:
 File GTAPSAM = output\gtapsam.har; ! File with headers for viewing
 
 
  (Finished reading the command file.)
 
  Auxiliary Statement File
  ------------------------
 (Opened, as binary, existing file 'C:\GTPAg2\GTAP10P2\GTAP\samview.axs'.)
 
  Auxiliary Table File
  --------------------
 (Opened, as binary, existing file 'C:\GTPAg2\GTAP10P2\GTAP\samview.axt'.)
 
  !  This file was created at 16:56:29 on 10-FEB-2016 by the program
  !    <TABLO  Version 6.4   April 2012>
  !  which accesses some of the routines in the GEMPACK software release
  !    <GEMPACK Release 11.3.001   May 2014>
  !  [The program which created this file was compiled with GF32.]
 
 [Auxiliary Table File was created by TABLO at 16:56:30 on 10-FEB-2016.]
 [TABLO file used here is "samview.tab".]
 [No TABLO STI file used when TABLO was run.]
 
  (Writing output to log file, and also to the terminal.)
 (Opened new text file 'samview.log'.)
  
  (Reporting CPU times.)
 [This TG-program was created by TABLO at 16:56:30 on 10-FEB-2016.]
  
  [Starting to check "extra" statements on the Command file.]
  
  
  [Finished checking "extra" statements on the Command file.]
  
  
 ++++++++++++++++++++++++++++++++++++++++++++++++++
  This program was written by the GEMPACK program TABLO
  as described in the Information file
  'samview.inf'
  
  This run of the TABLO-generated program
      o can carry out 19 WRITEs
      o can carry out 1 TRANSFERs
  
 ++++++++++++++++++++++++++++++++++++++++++++++++++
 (Range test of initial values will produce warnings.)
  
  (Data file with logical name 'GTAPDATA')
 (Opened, as header, existing file 'output\basedata.har'.)
  
  !  This file was created at 13:45:54 on 23-APR-2018 by the program
  !    <aggdat.for 10-FEB-2016> [aggdat.tab]
  !  which accesses some of the routines in the GEMPACK software release
  !    <GEMPACK Release 11.3.001   May 2014>
  !  [The program which created this file was compiled with GF32.]
  
  
  (Data file with logical name 'GTAPSETS')
 (Opened, as header, existing file 'output\sets.har'.)
  
  !  This file was created at 13:45:54 on 23-APR-2018 by the program
  !    <aggdat.for 10-FEB-2016> [aggdat.tab]
  !  which accesses some of the routines in the GEMPACK software release
  !    <GEMPACK Release 11.3.001   May 2014>
  !  [The program which created this file was compiled with GF32.]
  
  
  (Data file with logical name 'GTAPPARM')
 (Opened, as header, existing file 'output\default.prm'.)
  
  !  This file was created at 13:45:56 on 23-APR-2018 by the program
  !    <aggpar.for 10-FEB-2016> [aggpar.tab]
  !  which accesses some of the routines in the GEMPACK software release
  !    <GEMPACK Release 11.3.001   May 2014>
  !  [The program which created this file was compiled with GF32.]
  
  
  (Data file with logical name 'GTAPSAM')
 (Opened new header file 'output\gtapsam.har'.)
  
  --->  Beginning the preliminary pass (aimed at sets and subsets).
 Set 'REG'
 (Opened, as header, existing file 'output\sets.har'.)
   (3 character strings, each of length 12 read. Header 'H1  ')
   [Set has size 3.]
 Set 'TRAD_COMM'
   (10 character strings, each of length 12 read. Header 'H2  ')
   [Set has size 10.]
 Set 'MARG_COMM'
   (1 character strings, each of length 12 read. Header 'MARG')
   [Set has size 1.]
 'MARG_COMM' as a subset of 'TRAD_COMM'
 Set 'ENDW_COMM'
   (5 character strings, each of length 12 read. Header 'H6  ')
   [Set has size 5.]
 Set 'CGDS_COMM'
   (1 character strings, each of length 12 read. Header 'H9  ')
   [Set has size 1.]
 Set 'PROD_COMM'
   [Set has size 11.]
 'TRAD_COMM' as a subset of 'PROD_COMM'
 'CGDS_COMM' as a subset of 'PROD_COMM'
 Set 'FACTDEP'
   [Set has size 1.]
 'FACTDEP' as a subset of 'ENDW_COMM'
 Set 'REGHOUS'
   [Set has size 1.]
 Set 'PRIV'
   [Set has size 1.]
 Set 'PRODTAX'
   [Set has size 1.]
 Set 'DIRTAX'
   [Set has size 1.]
 Set 'GOVT'
   [Set has size 1.]
 Set 'ROW'
   [Set has size 1.]
 Set 'MLABL'
   [Set has size 1.]
 Set 'DLABL'
   [Set has size 1.]
 Set 'ALABL'
   [Set has size 1.]
 Set 'LTMM'
   [Set has size 1.]
 Set 'LTEE'
   [Set has size 1.]
 Set 'LTSSM'
   [Set has size 1.]
 Set 'LTSSD'
   [Set has size 1.]
 Set 'LTFF'
   [Set has size 1.]
 Set 'LTRXM'
   [Set has size 1.]
 Set 'LWW'
   [Set has size 1.]
 Set 'LABELS'
   [Set has size 17.]
 'MLABL' as a subset of 'LABELS'
 'DLABL' as a subset of 'LABELS'
 'ALABL' as a subset of 'LABELS'
 'LTMM' as a subset of 'LABELS'
 'LTEE' as a subset of 'LABELS'
 'LTSSM' as a subset of 'LABELS'
 'LTSSD' as a subset of 'LABELS'
 'LTFF' as a subset of 'LABELS'
 'LTRXM' as a subset of 'LABELS'
 'LWW' as a subset of 'LABELS'
 'FACTDEP' as a subset of 'LABELS'
 'REGHOUS' as a subset of 'LABELS'
 'PRIV' as a subset of 'LABELS'
 'PRODTAX' as a subset of 'LABELS'
 'DIRTAX' as a subset of 'LABELS'
 'GOVT' as a subset of 'LABELS'
 'ROW' as a subset of 'LABELS'
 Set 'LONGLABEL'
   [Set has size 17.]
 Set 'MCOM'
   [Set has size 10.]
 Set 'DCOM'
   [Set has size 10.]
  Formula for 'ISMAR'
  Formula for 'ISMAR'
 Projection mapping from "DCOM" to "TRAD_COMM"
  Formula for set 'MARG_DCOM'
 Set 'MARG_DCOM'
   [Set has size 1.]
 'MARG_DCOM' as a subset of 'DCOM'
  Formula for 'MARGCOM'
 Set 'ACT'
   [Set has size 10.]
 Set 'TMM'
   [Set has size 3.]
 Set 'TEE'
   [Set has size 3.]
 Set 'TSSM'
   [Set has size 10.]
 Set 'TSSD'
   [Set has size 10.]
 Set 'TFF'
   [Set has size 5.]
 Set 'TRMM'
   [Set has size 3.]
 Set 'TRXM'
   [Set has size 1.]
 Set 'WW'
   [Set has size 3.]
 Set 'SAMAC'
   [Set has size 79.]
 'MCOM' as a subset of 'SAMAC'
 'DCOM' as a subset of 'SAMAC'
 'ACT' as a subset of 'SAMAC'
 'ENDW_COMM' as a subset of 'SAMAC'
 'TMM' as a subset of 'SAMAC'
 'TEE' as a subset of 'SAMAC'
 'TSSM' as a subset of 'SAMAC'
 'TSSD' as a subset of 'SAMAC'
 'TFF' as a subset of 'SAMAC'
 'TRMM' as a subset of 'SAMAC'
 'TRXM' as a subset of 'SAMAC'
 'WW' as a subset of 'SAMAC'
 'REGHOUS' as a subset of 'SAMAC'
 'PRIV' as a subset of 'SAMAC'
 'PRODTAX' as a subset of 'SAMAC'
 'DIRTAX' as a subset of 'SAMAC'
 'GOVT' as a subset of 'SAMAC'
 'CGDS_COMM' as a subset of 'SAMAC'
 Set 'ATMM'
   [Set has size 1.]
 Set 'ATEE'
   [Set has size 1.]
 Set 'AWW'
   [Set has size 1.]
 Set 'AMARG'
   [Set has size 1.]
 Set 'ASAMAC'
   [Set has size 71.]
 'MCOM' as a subset of 'ASAMAC'
 'DCOM' as a subset of 'ASAMAC'
 'ACT' as a subset of 'ASAMAC'
 'ENDW_COMM' as a subset of 'ASAMAC'
 'ATMM' as a subset of 'ASAMAC'
 'ATEE' as a subset of 'ASAMAC'
 'TSSM' as a subset of 'ASAMAC'
 'TSSD' as a subset of 'ASAMAC'
 'TFF' as a subset of 'ASAMAC'
 'AMARG' as a subset of 'ASAMAC'
 'TRXM' as a subset of 'ASAMAC'
 'AWW' as a subset of 'ASAMAC'
 'REGHOUS' as a subset of 'ASAMAC'
 'PRIV' as a subset of 'ASAMAC'
 'PRODTAX' as a subset of 'ASAMAC'
 'DIRTAX' as a subset of 'ASAMAC'
 'GOVT' as a subset of 'ASAMAC'
 'CGDS_COMM' as a subset of 'ASAMAC'
 Projection mapping from "TMM" to "REG"
 Projection mapping from "TEE" to "REG"
 Projection mapping from "WW" to "REG"
 Projection mapping from "ACT" to "TRAD_COMM"
 Projection mapping from "MCOM" to "TRAD_COMM"
 Projection mapping from "TRXM" to "MARG_COMM"
 Projection mapping from "TSSM" to "TRAD_COMM"
 Projection mapping from "TSSD" to "TRAD_COMM"
 Projection mapping from "TFF" to "ENDW_COMM"
 Projection mapping from "TRMM" to "MARG_COMM"
 Projection mapping from "TRMM" to "REG"
 Projection mapping from "AMARG" to "MARG_COMM"
 [CPU for reads, formulas etc is 1.56250000E-02 seconds.]
 Elapsed time for reads, formulas etc is: less than one second.
  
  Total memory currently used for all arrays is approximately 0.19 megabytes.
  [Add about 5-10 megabytes for the memory used by the code.]
  
  --->  Beginning the reads, formulas (etc).
 Projection mapping from "DCOM" to "TRAD_COMM"
  Formula for 'MARGCOM'
 Projection mapping from "TMM" to "REG"
 Projection mapping from "TEE" to "REG"
 Projection mapping from "WW" to "REG"
 Projection mapping from "ACT" to "TRAD_COMM"
 Projection mapping from "MCOM" to "TRAD_COMM"
 Projection mapping from "TRXM" to "MARG_COMM"
 Projection mapping from "TSSM" to "TRAD_COMM"
 Projection mapping from "TSSD" to "TRAD_COMM"
 Projection mapping from "TFF" to "ENDW_COMM"
 Projection mapping from "TRMM" to "MARG_COMM"
 Projection mapping from "TRMM" to "REG"
 Projection mapping from "AMARG" to "MARG_COMM"
 (Opened, as header, existing file 'output\basedata.har'.)
 Reading 'VIFM_GT'
 (Read real array, size 10x11x3, header "VIFM".)
 Reading 'VIPM_GT'
 (Read real array, size 10x3, header "VIPM".)
 Reading 'VIGM_GT'
 (Read real array, size 10x3, header "VIGM".)
 Reading 'VIFA_GT'
 (Read real array, size 10x11x3, header "VIFA".)
 Reading 'VIPA_GT'
 (Read real array, size 10x3, header "VIPA".)
 Reading 'VIGA_GT'
 (Read real array, size 10x3, header "VIGA".)
 Reading 'VDFM_GT'
 (Read real array, size 10x11x3, header "VDFM".)
 Reading 'VDPM_GT'
 (Read real array, size 10x3, header "VDPM".)
 Reading 'VDGM_GT'
 (Read real array, size 10x3, header "VDGM".)
 Reading 'VST_GT'
 (Read real array, size 1x3, header "VST".)
 Reading 'VXWD_GT'
 (Read real array, size 10x3x3, header "VXWD".)
 Reading 'VXMD_GT'
 (Read real array, size 10x3x3, header "VXMD".)
 Reading 'VDFA_GT'
 (Read real array, size 10x11x3, header "VDFA".)
 Reading 'VDPA_GT'
 (Read real array, size 10x3, header "VDPA".)
 Reading 'VDGA_GT'
 (Read real array, size 10x3, header "VDGA".)
 Reading 'VFM_GT'
 (Read real array, size 5x11x3, header "VFM".)
 Reading 'EVFA_GT'
 (Read real array, size 5x11x3, header "EVFA".)
 Reading 'EVOA_GT'
 (Read real array, size 5x3, header "EVOA".)
 Reading 'VDEP_GT'
 (Read real array, size 3, header "VDEP".)
 Reading 'VIMS_GT'
 (Read real array, size 10x3x3, header "VIMS".)
 Reading 'VIWS_GT'
 (Read real array, size 10x3x3, header "VIWS".)
 Reading 'VTWR_GT'
 (Read real array, size 1x10x3x3, header "VTWR".)
 Reading 'SAVE_GT'
 (Read real array, size 3, header "SAVE".)
  Formula for 'VIAM'
  Formula for 'VIPM'
  Formula for 'VIGM'
  Formula for 'VIIM'
  Formula for 'VDAM'
  Formula for 'VDPM'
  Formula for 'VDGM'
  Formula for 'VDIM'
  Formula for 'VST_GT1'
  Formula for 'VST'
  Formula for 'VST'
  Formula for 'VXWD'
  Formula for 'AVXWD'
  Formula for 'VOM_GT'
  Formula for 'VOM_GT'
  Formula for 'VOM_GT1'
  Formula for 'VOM'
  Formula for 'VFM'
  Formula for 'IMD'
  Formula for 'AIMD'
  Formula for 'EXTAX'
  Formula for 'AEXTAX'
  Formula for 'TSSMA'
  Formula for 'TSSMK'
  Formula for 'TSSMH'
  Formula for 'TSSMG'
  Formula for 'TSSDA'
  Formula for 'TSSDK'
  Formula for 'TSSDH'
  Formula for 'TSSDG'
  Formula for 'TFFA'
  Formula for 'VTWR_GT1'
  Formula for 'VTWR'
  Formula for 'AVTWR'
  Formula for 'VTWR_X'
  Formula for 'VTWR_EX'
  Formula for 'VTWR_EX'
  Formula for 'AVTWR_EX'
  Formula for 'WWM'
  Formula for 'AWWM'
  Formula for 'YH'
  Formula for 'YG'
  Formula for 'VDEP'
  Formula for 'VDEP'
  Formula for 'SAVE'
  Formula for 'CAPTR'
  Formula for 'CAPWW'
  Formula for 'ACAPWW'
  Formula for 'PTAXACT'
  Formula for 'PTAXINV'
  Formula for 'RHF'
  Formula for 'RHF'
  Formula for 'DTAX'
  Formula for 'RHTMM'
  Formula for 'RHTEE'
  Formula for 'ARHTMM'
  Formula for 'ARHTEE'
  Formula for 'RHTSSM'
  Formula for 'RHTSSD'
  Formula for 'RHTFF'
  Formula for 'RHTPT'
  Formula for 'RHTDT'
  Formula for 'ASAM'
  Formula for 'ASAM'
  Formula for 'ASAM'
  Formula for 'ASAM'
  Formula for 'ASAM'
  Formula for 'ASAM'
  Formula for 'ASAM'
  Formula for 'ASAM'
  Formula for 'ASAM'
  Formula for 'ASAM'
  Formula for 'ASAM'
  Formula for 'ASAM'
  Formula for 'ASAM'
  Formula for 'ASAM'
  Formula for 'ASAM'
  Formula for 'ASAM'
  Formula for 'ASAM'
  Formula for 'ASAM'
  Formula for 'ASAM'
  Formula for 'ASAM'
  Formula for 'ASAM'
  Formula for 'ASAM'
  Formula for 'ASAM'
  Formula for 'ASAM'
  Formula for 'ASAM'
  Formula for 'ASAM'
  Formula for 'ASAM'
  Formula for 'ASAM'
  Formula for 'ASAM'
  Formula for 'ASAM'
  Formula for 'ASAM'
  Formula for 'ASAM'
  Formula for 'ASAM'
  Formula for 'ASAM'
  Formula for 'ASAM'
  Formula for 'ASAM'
  Formula for 'ASAM'
  Formula for 'ASAM'
  Formula for 'ASAM'
  Formula for 'ASAM'
  Formula for 'ASAM'
  Formula for 'ASAM'
  Formula for 'ASAM'
  Formula for 'ASAM'
  Formula for 'SAM'
  Formula for 'SAM'
  Formula for 'SAM'
  Formula for 'SAM'
  Formula for 'SAM'
  Formula for 'SAM'
  Formula for 'SAM'
  Formula for 'SAM'
  Formula for 'SAM'
  Formula for 'SAM'
  Formula for 'SAM'
  Formula for 'SAM'
  Formula for 'SAM'
  Formula for 'SAM'
  Formula for 'SAM'
  Formula for 'SAM'
  Formula for 'SAM'
  Formula for 'SAM'
  Formula for 'SAM'
  Formula for 'SAM'
  Formula for 'SAM'
  Formula for 'SAM'
  Formula for 'SAM'
  Formula for 'SAM'
  Formula for 'SAM'
  Formula for 'SAM'
  Formula for 'SAM'
  Formula for 'SAM'
  Formula for 'SAM'
  Formula for 'SAM'
  Formula for 'SAM'
  Formula for 'SAM'
  Formula for 'SAM'
  Formula for 'SAM'
  Formula for 'SAM'
  Formula for 'SAM'
  Formula for 'SAM'
  Formula for 'SAM'
  Formula for 'SAM'
  Formula for 'SAM'
  Formula for 'SAM'
  Formula for 'SAM'
  Formula for 'SAM'
  Formula for 'SAM'
 (Opened, for writing, header file 'output\gtapsam.har'.)
 Writing 'ASAM'
 (Written real array, size 71x71x3, header "ASAM".)
 Writing 'SAM'
 (Written real array, size 79x79x3, header "SAM".)
 Writing elements of set 'SAMAC'
   (79 character strings, each of length 12 written. Header 'SSET')
 Writing elements of set 'ASAMAC'
   (71 character strings, each of length 12 written. Header 'ASET')
 Writing elements of set 'LABELS'
   (17 character strings, each of length 12 written. Header 'LAB ')
 Writing elements of set 'LONGLABEL'
   (17 character strings, each of length 12 written. Header 'LABL')
 Writing elements of set 'ACT'
   (10 character strings, each of length 12 written. Header 'ACT ')
 Writing elements of set 'AMARG'
   (1 character strings, each of length 12 written. Header 'AMRG')
 Writing elements of set 'ATEE'
   (1 character strings, each of length 12 written. Header 'ATEE')
 Writing elements of set 'ATMM'
   (1 character strings, each of length 12 written. Header 'ATMM')
 Writing elements of set 'AWW'
   (1 character strings, each of length 12 written. Header 'AWW ')
 Writing elements of set 'TEE'
   (3 character strings, each of length 12 written. Header 'TEE ')
 Writing elements of set 'TFF'
   (5 character strings, each of length 12 written. Header 'TFF ')
 Writing elements of set 'TMM'
   (3 character strings, each of length 12 written. Header 'TMM ')
 Writing elements of set 'TRMM'
   (3 character strings, each of length 12 written. Header 'TRMM')
 Writing elements of set 'TRXM'
   (1 character strings, each of length 12 written. Header 'TRXM')
 Writing elements of set 'TSSD'
   (10 character strings, each of length 12 written. Header 'TSSD')
 Writing elements of set 'TSSM'
   (10 character strings, each of length 12 written. Header 'TSSM')
 Writing elements of set 'WW'
   (3 character strings, each of length 12 written. Header 'WW  ')
 Transferring unwritten from file 'GTAPSETS' to file 'GTAPSAM'
 (Opened, as header, existing file 'output\sets.har'.)
 (Written real array, size 1, header "DVER".)
   (1 character strings, each of length 59 written. Header '
 DREL                                    ')
   (3 character strings, each of length 12 written. Header '
 H1                                      ')
   (10 character strings, each of length 12 written. Header '
 H2                                      ')
   (5 character strings, each of length 12 written. Header '
 H6                                      ')
   (1 character strings, each of length 12 written. Header '
 H9                                      ')
   (1 character strings, each of length 12 written. Header '
 MARG                                    ')
   (141 character strings, each of length 12 written. Header '
 DH1                                     ')
   (57 character strings, each of length 12 written. Header '
 DH2                                     ')
   (8 character strings, each of length 12 written. Header '
 DH6                                     ')
   (3 character strings, each of length 12 written. Header '
 DMAR                                    ')
   (2 character strings, each of length 12 written. Header '
 TARS                                    ')
   (57 character strings, each of length 12 written. Header '
 MCOM                                    ')
   (141 character strings, each of length 12 written. Header '
 MREG                                    ')
   (8 character strings, each of length 12 written. Header '
 MEND                                    ')
   (3 character strings, each of length 12 written. Header '
 MMAR                                    ')
   (1 character strings, each of length 65 written. Header '
 LICN                                    ')
   (3 character strings, each of length 50 written. Header '
 H1L                                     ')
   (10 character strings, each of length 50 written. Header '
 H2L                                     ')
 (Opened, for writing, header file 'output\gtapsam.har'.)
 [CPU for reads, formulas etc is 1.56250000E-02 seconds.]
 Elapsed time for reads, formulas etc is: less than one second.
 [CPU for all of this 0-step calculation is 3.12500000E-02 seconds.]
 Elapsed time for all this 0-step calculation is: less than one second.
  [Total CPU is 0.10937500 seconds.]
  
  (Inputs have been taken from the Command file
  'C:\GTPAg2\GTAP10P2\GTAP\samview.cmf')
  
  (The program has completed without error.)
  (There were         1 warnings.)
  (If you have a LOG file, search for '%%W' to see them.)
  (The last was:
   'Your GEMPACK licence will expire on 30-APR-2018')
  Total elapsed time is: less than one second.
  
  
  This run ended at 13:45:57 on 23-APR-2018
